Pig Stack Trace
---------------
ERROR 1200: <file .pig_runs/d88cb177bb1a4c97abe4e27c49621234/pig_etl.pig, line 6, column 0>  Syntax error, unexpected symbol at or near 'raw_all'

org.apache.pig.impl.logicalLayer.FrontendException: ERROR 1000: Error during parsing. <file .pig_runs/d88cb177bb1a4c97abe4e27c49621234/pig_etl.pig, line 6, column 0>  Syntax error, unexpected symbol at or near 'raw_all'
	at org.apache.pig.PigServer$Graph.parseQuery(PigServer.java:1841)
	at org.apache.pig.PigServer$Graph.access$000(PigServer.java:1536)
	at org.apache.pig.PigServer.parseAndBuild(PigServer.java:461)
	at org.apache.pig.PigServer.executeBatch(PigServer.java:486)
	at org.apache.pig.PigServer.executeBatch(PigServer.java:472)
	at org.apache.pig.tools.grunt.GruntParser.executeBatch(GruntParser.java:172)
	at org.apache.pig.tools.grunt.GruntParser.parseStopOnError(GruntParser.java:235)
	at org.apache.pig.tools.grunt.GruntParser.parseStopOnError(GruntParser.java:206)
	at org.apache.pig.tools.grunt.Grunt.exec(Grunt.java:81)
	at org.apache.pig.Main.run(Main.java:500)
	at org.apache.pig.Main.main(Main.java:175)
Caused by: Failed to parse: <file .pig_runs/d88cb177bb1a4c97abe4e27c49621234/pig_etl.pig, line 6, column 0>  Syntax error, unexpected symbol at or near 'raw_all'
	at org.apache.pig.parser.QueryParserDriver.parse(QueryParserDriver.java:244)
	at org.apache.pig.parser.QueryParserDriver.parse(QueryParserDriver.java:182)
	at org.apache.pig.PigServer$Graph.parseQuery(PigServer.java:1828)
	... 10 more
================================================================================
